{
  "RSpec": {
    "coverage": {
      "/home/gabriela/coding/ruby/CAMAAR/CAMAAR/app/controllers/admin_controller.rb": {
        "lines": [
          0,
          0,
          null,
          0,
          null,
          0,
          0,
          0,
          0,
          0,
          0
        ],
        "branches": {}
      },
      "/home/gabriela/coding/ruby/CAMAAR/CAMAAR/app/controllers/application_controller.rb": {
        "lines": [
          0,
          null,
          0,
          null,
          null,
          0,
          null,
          null,
          0,
          null,
          0,
          null,
          0,
          null,
          0,
          0,
          0,
          null,
          0,
          0,
          0,
          0
        ],
        "branches": {}
      },
      "/home/gabriela/coding/ruby/CAMAAR/CAMAAR/app/controllers/passwords_controller.rb": {
        "lines": [
          0,
          0,
          null,
          0,
          0,
          null,
          0,
          0,
          0,
          0,
          null,
          0,
          0,
          0,
          0,
          0,
          null,
          0,
          0,
          0,
          0,
          0,
          0,
          0,
          null,
          0,
          null,
          0,
          0,
          0,
          null,
          0,
          0,
          0,
          null,
          0,
          0,
          0,
          null,
          0,
          0,
          0,
          0,
          0,
          0,
          null,
          0,
          0,
          0,
          0,
          null,
          0,
          0,
          0,
          null,
          0,
          0,
          0,
          0,
          0
        ],
        "branches": {}
      },
      "/home/gabriela/coding/ruby/CAMAAR/CAMAAR/app/controllers/sessions_controller.rb": {
        "lines": [
          0,
          0,
          null,
          0,
          null,
          0,
          null,
          0,
          0,
          null,
          0,
          null,
          0,
          0,
          0,
          null,
          0,
          0,
          0,
          0,
          null,
          0,
          null,
          0,
          0,
          0,
          0
        ],
        "branches": {}
      },
      "/home/gabriela/coding/ruby/CAMAAR/CAMAAR/app/controllers/templates_controller.rb": {
        "lines": [
          0,
          0,
          0,
          null,
          0,
          0,
          0,
          0,
          0,
          null,
          0,
          0,
          0,
          0,
          null,
          0,
          0,
          null,
          0,
          0,
          0,
          0,
          0,
          0,
          null,
          0,
          0,
          null,
          0,
          null,
          null,
          0,
          0,
          null,
          0,
          0,
          0,
          0,
          0,
          0,
          0,
          null,
          0,
          0,
          0,
          0,
          null,
          0,
          null,
          0,
          0,
          0,
          null,
          0,
          0,
          null,
          null,
          0,
          0,
          0,
          0,
          null,
          0,
          0,
          null,
          0,
          0,
          null,
          0,
          0,
          0,
          0,
          0,
          null,
          0,
          0,
          0,
          0
        ],
        "branches": {}
      },
      "/home/gabriela/coding/ruby/CAMAAR/CAMAAR/app/helpers/application_helper.rb": {
        "lines": [
          0,
          0
        ],
        "branches": {}
      },
      "/home/gabriela/coding/ruby/CAMAAR/CAMAAR/app/helpers/sessions_helper.rb": {
        "lines": [
          0,
          null,
          0,
          0,
          0,
          null,
          null,
          0,
          0,
          0,
          null,
          null,
          0,
          0,
          0,
          null,
          null,
          0,
          0,
          0,
          null,
          null,
          0,
          0,
          0,
          0,
          0
        ],
        "branches": {}
      },
      "/home/gabriela/coding/ruby/CAMAAR/CAMAAR/app/jobs/application_job.rb": {
        "lines": [
          0,
          null,
          null,
          null,
          null,
          null,
          0
        ],
        "branches": {}
      },
      "/home/gabriela/coding/ruby/CAMAAR/CAMAAR/app/mailers/application_mailer.rb": {
        "lines": [
          0,
          0,
          0,
          0
        ],
        "branches": {}
      },
      "/home/gabriela/coding/ruby/CAMAAR/CAMAAR/app/models/admin.rb": {
        "lines": [
          0,
          0,
          null,
          0,
          null,
          0,
          0,
          0
        ],
        "branches": {}
      },
      "/home/gabriela/coding/ruby/CAMAAR/CAMAAR/app/models/answer.rb": {
        "lines": [
          0,
          0,
          0
        ],
        "branches": {}
      },
      "/home/gabriela/coding/ruby/CAMAAR/CAMAAR/app/models/application_record.rb": {
        "lines": [
          0,
          0,
          0
        ],
        "branches": {}
      },
      "/home/gabriela/coding/ruby/CAMAAR/CAMAAR/app/models/course.rb": {
        "lines": [
          0,
          0,
          null,
          null,
          0,
          0,
          0,
          0
        ],
        "branches": {}
      },
      "/home/gabriela/coding/ruby/CAMAAR/CAMAAR/app/models/enrollment.rb": {
        "lines": [
          0,
          0,
          0,
          0
        ],
        "branches": {}
      },
      "/home/gabriela/coding/ruby/CAMAAR/CAMAAR/app/models/form.rb": {
        "lines": [
          0,
          0,
          0,
          0,
          null,
          0,
          0,
          null,
          0,
          0
        ],
        "branches": {}
      },
      "/home/gabriela/coding/ruby/CAMAAR/CAMAAR/app/models/form_request.rb": {
        "lines": [
          0,
          0,
          0,
          0
        ],
        "branches": {}
      },
      "/home/gabriela/coding/ruby/CAMAAR/CAMAAR/app/models/question_set.rb": {
        "lines": [
          0,
          0,
          0,
          null,
          0,
          null,
          0,
          null,
          0,
          null,
          0,
          0,
          0,
          0,
          0,
          null,
          0,
          0,
          0,
          0,
          null,
          0,
          0,
          0,
          0,
          null,
          0,
          null,
          0,
          null,
          null,
          0,
          null,
          null,
          0,
          0,
          0,
          null,
          null,
          0,
          null,
          null,
          null,
          0,
          0,
          null,
          null,
          0,
          0,
          0
        ],
        "branches": {}
      },
      "/home/gabriela/coding/ruby/CAMAAR/CAMAAR/app/models/template.rb": {
        "lines": [
          0,
          0,
          0,
          null,
          0,
          null,
          0,
          0,
          0,
          null,
          0,
          null,
          0,
          0,
          null,
          0,
          0,
          0,
          0,
          0
        ],
        "branches": {}
      },
      "/home/gabriela/coding/ruby/CAMAAR/CAMAAR/app/models/user.rb": {
        "lines": [
          0,
          0,
          null,
          0,
          0,
          null,
          null,
          0,
          null,
          null,
          0,
          0,
          null,
          null,
          0,
          null,
          0,
          0,
          0,
          null,
          0,
          0,
          0
        ],
        "branches": {}
      }
    },
    "timestamp": 1764982675
  },
  "Cucumber Features": {
    "coverage": {
      "/home/gabriela/coding/ruby/CAMAAR/CAMAAR/app/models/user.rb": {
        "lines": [
          1,
          1,
          null,
          1,
          1,
          null,
          null,
          1,
          null,
          null,
          1,
          1,
          null,
          null,
          1,
          null,
          1,
          88,
          null,
          null,
          1,
          1,
          null
        ]
      },
      "/home/gabriela/coding/ruby/CAMAAR/CAMAAR/app/models/application_record.rb": {
        "lines": [
          1,
          1,
          null
        ]
      },
      "/home/gabriela/coding/ruby/CAMAAR/CAMAAR/app/models/admin.rb": {
        "lines": [
          1,
          1,
          null,
          1,
          null,
          1,
          1,
          null
        ]
      },
      "/home/gabriela/coding/ruby/CAMAAR/CAMAAR/app/controllers/sessions_controller.rb": {
        "lines": [
          1,
          1,
          1,
          null,
          1,
          null,
          null,
          null,
          1,
          25,
          null,
          25,
          null,
          23,
          23,
          null,
          null,
          2,
          2,
          null,
          null,
          null,
          1,
          null,
          0,
          0,
          null,
          null,
          1,
          null,
          1,
          27,
          0,
          0,
          null,
          0,
          null,
          null,
          null,
          null
        ]
      },
      "/home/gabriela/coding/ruby/CAMAAR/CAMAAR/app/controllers/application_controller.rb": {
        "lines": [
          1,
          null,
          1,
          null,
          null,
          1,
          null,
          null,
          1,
          null,
          1,
          null,
          1,
          null,
          1,
          46,
          0,
          0,
          null,
          null,
          null
        ]
      },
      "/home/gabriela/coding/ruby/CAMAAR/CAMAAR/app/helpers/application_helper.rb": {
        "lines": [
          1,
          null
        ]
      },
      "/home/gabriela/coding/ruby/CAMAAR/CAMAAR/app/helpers/sessions_helper.rb": {
        "lines": [
          1,
          null,
          1,
          445,
          null,
          null,
          null,
          1,
          231,
          null,
          null,
          null,
          1,
          42,
          null,
          null,
          null,
          1,
          0,
          null,
          null,
          null,
          1,
          0,
          0,
          null,
          null
        ]
      },
      "/home/gabriela/coding/ruby/CAMAAR/CAMAAR/app/controllers/forms_controller.rb": {
        "lines": [
          1,
          1,
          1,
          1,
          null,
          1,
          null,
          null,
          28,
          19,
          null,
          9,
          null,
          null,
          null,
          1,
          null,
          4,
          null,
          null,
          1,
          null,
          null,
          2,
          2,
          null,
          2,
          null,
          0,
          0,
          0,
          null,
          0,
          null,
          null,
          2,
          null,
          null,
          6,
          1,
          1,
          null,
          null,
          1,
          null,
          null,
          null,
          1,
          3,
          null,
          null,
          1,
          null,
          null,
          null,
          null,
          null,
          1,
          null,
          1,
          null,
          null,
          1,
          null,
          1,
          7,
          null,
          0,
          null,
          null,
          1,
          null,
          null,
          7,
          0,
          0,
          null,
          null,
          7,
          1,
          null,
          null,
          null,
          null
        ]
      },
      "/home/gabriela/coding/ruby/CAMAAR/CAMAAR/app/models/form.rb": {
        "lines": [
          1,
          1,
          1,
          1,
          null,
          1,
          1,
          null,
          1,
          null
        ]
      },
      "/home/gabriela/coding/ruby/CAMAAR/CAMAAR/app/controllers/templates_controller.rb": {
        "lines": [
          1,
          1,
          1,
          null,
          1,
          9,
          9,
          9,
          null,
          null,
          1,
          0,
          0,
          null,
          null,
          1,
          0,
          null,
          0,
          0,
          null,
          0,
          null,
          null,
          null,
          1,
          null,
          null,
          1,
          null,
          null,
          1,
          null,
          null,
          1,
          1,
          1,
          null,
          0,
          null,
          null,
          null,
          1,
          0,
          0,
          null,
          null,
          1,
          null,
          1,
          2,
          null,
          null,
          1,
          1,
          null,
          null,
          1,
          null,
          0,
          null,
          null,
          null,
          null,
          null,
          1,
          null,
          null,
          1,
          11,
          0,
          null,
          null,
          null,
          1,
          11,
          null,
          null
        ]
      },
      "/home/gabriela/coding/ruby/CAMAAR/CAMAAR/app/models/template.rb": {
        "lines": [
          1,
          1,
          1,
          null,
          1,
          null,
          1,
          1,
          1,
          null,
          1,
          null,
          1,
          7,
          null,
          7,
          0,
          null,
          null,
          null
        ]
      },
      "/home/gabriela/coding/ruby/CAMAAR/CAMAAR/app/models/question_set.rb": {
        "lines": [
          1,
          1,
          1,
          null,
          1,
          null,
          1,
          null,
          1,
          null,
          1,
          12,
          0,
          0,
          null,
          null,
          12,
          0,
          0,
          null,
          null,
          12,
          0,
          null,
          null,
          null,
          1,
          null,
          0,
          null,
          null,
          0,
          null,
          null,
          0,
          0,
          null,
          null,
          null,
          0,
          null,
          null,
          null,
          0,
          0,
          null,
          null,
          0,
          null,
          null
        ]
      },
      "/home/gabriela/coding/ruby/CAMAAR/CAMAAR/app/models/form_request.rb": {
        "lines": [
          1,
          1,
          null,
          1,
          1,
          null
        ]
      },
      "/home/gabriela/coding/ruby/CAMAAR/CAMAAR/app/models/course.rb": {
        "lines": [
          1,
          1,
          null,
          null,
          1,
          1,
          1,
          null
        ]
      },
      "/home/gabriela/coding/ruby/CAMAAR/CAMAAR/app/models/answer.rb": {
        "lines": [
          1,
          1,
          null,
          1,
          null
        ]
      },
      "/home/gabriela/coding/ruby/CAMAAR/CAMAAR/app/controllers/passwords_controller.rb": {
        "lines": [
          1,
          1,
          null,
          1,
          3,
          null,
          3,
          1,
          null,
          null,
          null,
          1,
          2,
          2,
          2,
          2,
          null,
          1,
          1,
          null,
          0,
          0,
          null,
          null,
          null,
          1,
          null,
          1,
          2,
          null,
          null,
          1,
          2,
          null,
          null,
          1,
          2,
          null,
          null,
          1,
          1,
          null,
          null,
          null,
          null,
          null,
          1,
          0,
          0,
          null,
          null,
          1,
          0,
          null,
          null,
          1,
          1,
          1,
          null,
          null
        ]
      },
      "/home/gabriela/coding/ruby/CAMAAR/CAMAAR/app/controllers/admin_controller.rb": {
        "lines": [
          0,
          0,
          null,
          0,
          null,
          0,
          0,
          0,
          0,
          0,
          0
        ],
        "branches": {}
      },
      "/home/gabriela/coding/ruby/CAMAAR/CAMAAR/app/jobs/application_job.rb": {
        "lines": [
          0,
          null,
          null,
          null,
          null,
          null,
          0
        ],
        "branches": {}
      },
      "/home/gabriela/coding/ruby/CAMAAR/CAMAAR/app/mailers/application_mailer.rb": {
        "lines": [
          0,
          0,
          0,
          0
        ],
        "branches": {}
      },
      "/home/gabriela/coding/ruby/CAMAAR/CAMAAR/app/models/enrollment.rb": {
        "lines": [
          0,
          0,
          0,
          0
        ],
        "branches": {}
      }
    },
    "timestamp": 1765134562
  }
}
